Determining if the CL_VERSION_2_2 exist failed with the following output:
Change Dir: /Users/aaple/CLionProjects/TextRec/cmake-build-debug/CMakeFiles/CMakeTmp

Run Build Command(s):/usr/bin/make cmTC_04b5b/fast 
/Applications/Xcode.app/Contents/Developer/usr/bin/make -f CMakeFiles/cmTC_04b5b.dir/build.make CMakeFiles/cmTC_04b5b.dir/build
Building C object CMakeFiles/cmTC_04b5b.dir/CheckSymbolExists.c.o
/Applications/Xcode.app/Contents/Developer/Toolchains/XcodeDefault.xctoolchain/usr/bin/cc    -o CMakeFiles/cmTC_04b5b.dir/CheckSymbolExists.c.o   -c /Users/aaple/CLionProjects/TextRec/cmake-build-debug/CMakeFiles/CMakeTmp/CheckSymbolExists.c
/Users/aaple/CLionProjects/TextRec/cmake-build-debug/CMakeFiles/CMakeTmp/CheckSymbolExists.c:8:19: error: use of undeclared identifier 'CL_VERSION_2_2'
  return ((int*)(&CL_VERSION_2_2))[argc];
                  ^
1 error generated.
make[1]: *** [CMakeFiles/cmTC_04b5b.dir/CheckSymbolExists.c.o] Error 1
make: *** [cmTC_04b5b/fast] Error 2

File /Users/aaple/CLionProjects/TextRec/cmake-build-debug/CMakeFiles/CMakeTmp/CheckSymbolExists.c:
/* */
#include </System/Library/Frameworks/OpenCL.framework/Headers/cl.h>

int main(int argc, char** argv)
{
  (void)argv;
#ifndef CL_VERSION_2_2
  return ((int*)(&CL_VERSION_2_2))[argc];
#else
  (void)argc;
  return 0;
#endif
}

Determining if the CL_VERSION_2_1 exist failed with the following output:
Change Dir: /Users/aaple/CLionProjects/TextRec/cmake-build-debug/CMakeFiles/CMakeTmp

Run Build Command(s):/usr/bin/make cmTC_1bd6f/fast 
/Applications/Xcode.app/Contents/Developer/usr/bin/make -f CMakeFiles/cmTC_1bd6f.dir/build.make CMakeFiles/cmTC_1bd6f.dir/build
Building C object CMakeFiles/cmTC_1bd6f.dir/CheckSymbolExists.c.o
/Applications/Xcode.app/Contents/Developer/Toolchains/XcodeDefault.xctoolchain/usr/bin/cc    -o CMakeFiles/cmTC_1bd6f.dir/CheckSymbolExists.c.o   -c /Users/aaple/CLionProjects/TextRec/cmake-build-debug/CMakeFiles/CMakeTmp/CheckSymbolExists.c
/Users/aaple/CLionProjects/TextRec/cmake-build-debug/CMakeFiles/CMakeTmp/CheckSymbolExists.c:8:19: error: use of undeclared identifier 'CL_VERSION_2_1'
  return ((int*)(&CL_VERSION_2_1))[argc];
                  ^
1 error generated.
make[1]: *** [CMakeFiles/cmTC_1bd6f.dir/CheckSymbolExists.c.o] Error 1
make: *** [cmTC_1bd6f/fast] Error 2

File /Users/aaple/CLionProjects/TextRec/cmake-build-debug/CMakeFiles/CMakeTmp/CheckSymbolExists.c:
/* */
#include </System/Library/Frameworks/OpenCL.framework/Headers/cl.h>

int main(int argc, char** argv)
{
  (void)argv;
#ifndef CL_VERSION_2_1
  return ((int*)(&CL_VERSION_2_1))[argc];
#else
  (void)argc;
  return 0;
#endif
}

Determining if the CL_VERSION_2_0 exist failed with the following output:
Change Dir: /Users/aaple/CLionProjects/TextRec/cmake-build-debug/CMakeFiles/CMakeTmp

Run Build Command(s):/usr/bin/make cmTC_5b41e/fast 
/Applications/Xcode.app/Contents/Developer/usr/bin/make -f CMakeFiles/cmTC_5b41e.dir/build.make CMakeFiles/cmTC_5b41e.dir/build
Building C object CMakeFiles/cmTC_5b41e.dir/CheckSymbolExists.c.o
/Applications/Xcode.app/Contents/Developer/Toolchains/XcodeDefault.xctoolchain/usr/bin/cc    -o CMakeFiles/cmTC_5b41e.dir/CheckSymbolExists.c.o   -c /Users/aaple/CLionProjects/TextRec/cmake-build-debug/CMakeFiles/CMakeTmp/CheckSymbolExists.c
/Users/aaple/CLionProjects/TextRec/cmake-build-debug/CMakeFiles/CMakeTmp/CheckSymbolExists.c:8:19: error: use of undeclared identifier 'CL_VERSION_2_0'
  return ((int*)(&CL_VERSION_2_0))[argc];
                  ^
1 error generated.
make[1]: *** [CMakeFiles/cmTC_5b41e.dir/CheckSymbolExists.c.o] Error 1
make: *** [cmTC_5b41e/fast] Error 2

File /Users/aaple/CLionProjects/TextRec/cmake-build-debug/CMakeFiles/CMakeTmp/CheckSymbolExists.c:
/* */
#include </System/Library/Frameworks/OpenCL.framework/Headers/cl.h>

int main(int argc, char** argv)
{
  (void)argv;
#ifndef CL_VERSION_2_0
  return ((int*)(&CL_VERSION_2_0))[argc];
#else
  (void)argc;
  return 0;
#endif
}

